[0.021s] Invoking command in '/home/ken/tello_ros_ws/build/tello_control': CMAKE_PREFIX_PATH=${CMAKE_PREFIX_PATH}:/home/ken/tello_ros_ws/install/tello:/opt/ros/humble /usr/bin/cmake --build /home/ken/tello_ros_ws/build/tello_control -- -j4 -l4
[0.075s] -- Found OpenCV version 4.5.4
[0.076s] -- Found ament_cmake: 1.3.8 (/opt/ros/humble/share/ament_cmake/cmake)
[0.265s] -- Override CMake install command with custom implementation using symlinks instead of copying resources
[0.274s] -- Found rclcpp: 16.0.8 (/opt/ros/humble/share/rclcpp/cmake)
[0.317s] -- Found rosidl_generator_c: 3.1.5 (/opt/ros/humble/share/rosidl_generator_c/cmake)
[0.321s] -- Found rosidl_adapter: 3.1.5 (/opt/ros/humble/share/rosidl_adapter/cmake)
[0.329s] -- Found rosidl_generator_cpp: 3.1.5 (/opt/ros/humble/share/rosidl_generator_cpp/cmake)
[0.345s] -- Using all available rosidl_typesupport_c: rosidl_typesupport_fastrtps_c;rosidl_typesupport_introspection_c
[0.366s] -- Using all available rosidl_typesupport_cpp: rosidl_typesupport_fastrtps_cpp;rosidl_typesupport_introspection_cpp
[0.448s] -- Found rmw_implementation_cmake: 6.1.1 (/opt/ros/humble/share/rmw_implementation_cmake/cmake)
[0.450s] -- Found rmw_fastrtps_cpp: 6.2.6 (/opt/ros/humble/share/rmw_fastrtps_cpp/cmake)
[0.606s] -- Using RMW implementation 'rmw_fastrtps_cpp' as default
[0.818s] -- Found geometry_msgs: 4.2.3 (/opt/ros/humble/share/geometry_msgs/cmake)
[0.964s] -- Configuring done
[0.980s] -- Generating done
[0.982s] -- Build files have been written to: /home/ken/tello_ros_ws/build/tello_control
[1.016s] [35m[1mConsolidate compiler generated dependencies of target tello_control[0m
[1.041s] [ 50%] [32mBuilding CXX object CMakeFiles/tello_control.dir/src/main.cpp.o[0m
[1.510s] [01m[K/home/ken/tello_ros_ws/src/tello_control/src/main.cpp:9:10:[m[K [01;31m[Kfatal error: [m[Kstd_msgs/msg/.hpp: No such file or directory
[1.510s]     9 | #include [01;31m[K"std_msgs/msg/.hpp"[m[K
[1.510s]       |          [01;31m[K^~~~~~~~~~~~~~~~~~~[m[K
[1.510s] compilation terminated.
[1.514s] gmake[2]: *** [CMakeFiles/tello_control.dir/build.make:76: CMakeFiles/tello_control.dir/src/main.cpp.o] Error 1
[1.515s] gmake[1]: *** [CMakeFiles/Makefile2:137: CMakeFiles/tello_control.dir/all] Error 2
[1.515s] gmake: *** [Makefile:146: all] Error 2
