[0.023s] Invoking command in '/home/ken/tello_ros_ws/build/tello_control': CMAKE_PREFIX_PATH=${CMAKE_PREFIX_PATH}:/home/ken/tello_ros_ws/install/tello:/opt/ros/humble /usr/bin/cmake --build /home/ken/tello_ros_ws/build/tello_control -- -j4 -l4
[0.082s] -- Found OpenCV version 4.5.4
[0.083s] -- Found ament_cmake: 1.3.8 (/opt/ros/humble/share/ament_cmake/cmake)
[0.284s] -- Override CMake install command with custom implementation using symlinks instead of copying resources
[0.304s] -- Found rclcpp: 16.0.8 (/opt/ros/humble/share/rclcpp/cmake)
[0.354s] -- Found rosidl_generator_c: 3.1.5 (/opt/ros/humble/share/rosidl_generator_c/cmake)
[0.358s] -- Found rosidl_adapter: 3.1.5 (/opt/ros/humble/share/rosidl_adapter/cmake)
[0.368s] -- Found rosidl_generator_cpp: 3.1.5 (/opt/ros/humble/share/rosidl_generator_cpp/cmake)
[0.385s] -- Using all available rosidl_typesupport_c: rosidl_typesupport_fastrtps_c;rosidl_typesupport_introspection_c
[0.413s] -- Using all available rosidl_typesupport_cpp: rosidl_typesupport_fastrtps_cpp;rosidl_typesupport_introspection_cpp
[0.502s] -- Found rmw_implementation_cmake: 6.1.1 (/opt/ros/humble/share/rmw_implementation_cmake/cmake)
[0.505s] -- Found rmw_fastrtps_cpp: 6.2.6 (/opt/ros/humble/share/rmw_fastrtps_cpp/cmake)
[0.674s] -- Using RMW implementation 'rmw_fastrtps_cpp' as default
[0.898s] -- Found geometry_msgs: 4.2.3 (/opt/ros/humble/share/geometry_msgs/cmake)
[1.050s] -- Configuring done
[1.070s] -- Generating done
[1.071s] -- Build files have been written to: /home/ken/tello_ros_ws/build/tello_control
[1.106s] [35m[1mConsolidate compiler generated dependencies of target tello_control[0m
[1.131s] [ 50%] [32mBuilding CXX object CMakeFiles/tello_control.dir/src/main.cpp.o[0m
[1.711s] [01m[K/home/ken/tello_ros_ws/src/tello_control/src/main.cpp:9:10:[m[K [01;31m[Kfatal error: [m[Kstd_msgs/msg/.hpp: No such file or directory
[1.711s]     9 | #include [01;31m[K"std_msgs/msg/.hpp"[m[K
[1.711s]       |          [01;31m[K^~~~~~~~~~~~~~~~~~~[m[K
[1.712s] compilation terminated.
[1.715s] gmake[2]: *** [CMakeFiles/tello_control.dir/build.make:76: CMakeFiles/tello_control.dir/src/main.cpp.o] Error 1
[1.716s] gmake[1]: *** [CMakeFiles/Makefile2:137: CMakeFiles/tello_control.dir/all] Error 2
[1.716s] gmake: *** [Makefile:146: all] Error 2
